
========== DEPENDENCY LOADING ==========
[2025-05-22 12:54:29] [SUCCESS] Dependency loaded: jsdom
[2025-05-22 12:54:29] [SUCCESS] Dependency loaded: esbuild
[2025-05-22 12:54:30] [SUCCESS] Dependency loaded: purgecss
[2025-05-22 12:54:30] [SUCCESS] Dependency loaded: html-minifier-terser
[2025-05-22 12:54:30] [SUCCESS] Dependency loaded: diff
[2025-05-22 12:54:30] [SUCCESS] Dependency loaded: lightningcss
---- Step completed in 2.72s: All dependencies loaded.

========== ASSET DIRECTORY CHECK ==========
[2025-05-22 12:54:30] [INFO] Assets directory exists or created.
---- Step completed in 0.00s: Asset directory check done.

========== READ SOURCE HTML ==========
[2025-05-22 12:54:30] [INFO] Read src/index.html - SUCCESS
---- Step completed in 0.00s: Source HTML read.

========== EXTRACT INLINE CSS ==========
[2025-05-22 12:54:30] [INFO] Extracted CSS from 1 <style> tag(s).
---- Step completed in 0.01s: Inline CSS extraction done.

========== GENERATE TEMP FILES FOR PURGECSS ==========
[2025-05-22 12:54:31] [INFO] Temporary HTML and CSS files for PurgeCSS created.
---- Step completed in 0.12s: Temp file generation done.

========== BUILD START ==========

========== PURGE UNUSED CSS (PurgeCSS) ==========
[2025-05-22 12:54:31] [INFO] Running PurgeCSS to remove unused CSS selectors...
[REMOVED] CSS code removed:
.project-grid {
display: grid;
grid-template-columns: repeat(auto-fit, minmax(280px, 1fr));
gap: 20px;
margin-top: 20px;
/* Add these properties to fix the scrolling glitch */
position: relative;
will-change: transform;
transform: translateZ(0);
}

.project-card {
  background-color: rgba(0, 50, 0, 0.2); /* Light green tint with transparency */
  backdrop-filter: blur(3px); /* Add blur effect */
  border: 2px solid rgba(0, 255, 0, 0.3);
  border-radius: 12px;
  overflow: hidden;
  transition: all 0.15s cubic-bezier(0.25, 0.46, 0.45, 0.94);
  display: flex;
  flex-direction: column;
  /* Add these properties to fix the scrolling glitch */
  height: 100%;
  transform: translateZ(0);
  backface-visibility: hidden;
}
.testiju {
height: 100%;
  transform: translateZ(0);
  backface-visibility: hidden;
}
[2025-05-22 12:54:31] [SUCCESS] PurgeCSS removed unused CSS code.
---- Step completed in 0.10s: PurgeCSS step finished.

========== AUTOPREFIX & MINIFY CSS (Lightning CSS) ==========
[2025-05-22 12:54:31] [INFO] Running Lightning CSS for autoprefixing and minification...
[2025-05-22 12:54:31] [SUCCESS] Lightning CSS autoprefixed & minified CSS. Saved 1.41 KB.
---- Step completed in 0.01s: Lightning CSS step finished.
[2025-05-22 12:54:31] [INFO] Temporary files cleaned up.
---- Step completed: CSS processing complete.

========== JS MINIFICATION & TREE SHAKING (esbuild) ==========
[2025-05-22 12:54:31] [INFO] Starting esbuild JS processing...
[REMOVED] JS code removed:
function changeText() {
    const textElement = document.getElementById("slider-text");
    currentTextIndex = currentTextIndex < textOptions.length ? currentTextIndex : 0;
    textElement.textContent = textOptions[currentTextIndex];
    currentTextIndex++;
  }
[2025-05-22 12:54:31] [SUCCESS] esbuild tree shaking removed unused JS code.
---- Step completed in 0.08s: JS tree shaking step finished.
[2025-05-22 12:54:31] [INFO] Minifying tree-shaken JS with esbuild...
[2025-05-22 12:54:31] [SUCCESS] JS minified. Saved 0.83 KB.
---- Step completed: JS processing complete.

========== MINIFY HTML ==========
[2025-05-22 12:54:31] [SUCCESS] HTML minified and index.html written. Saved 0.99 KB.
---- Step completed in 0.04s: HTML minification done.

========== BUILD COMPLETE ==========
[2025-05-22 12:54:31] [SUCCESS] [SUCCESS] All build steps finished successfully. You saved 7.97 KB in total.
---- All Steps completed in 3.52s: Build finished.
